<?xml version="1.0" encoding="UTF-8"?>
<!-- Generated by org.testng.reporters.JUnitReportReporter -->
<testsuite skipped="0" hostname="ParthShreya" name="testClasse.KiteUsernameValidationTest" tests="1" failures="0" timestamp="2022-04-02T11:36:08 IST" time="6.274" errors="0">
  <testcase name="validateUserName" time="6.274" classname="testClasse.KiteUsernameValidationTest"/>
  <system-out>
    <![CDATA[ScreenShot Taken, Successfully for TC100
ScreenShot Taken, Successfully for TC100
Validated User Id]]>
  </system-out>
</testsuite> <!-- testClasse.KiteUsernameValidationTest -->
